make all -f /Users/bobby/Documents/2022_Spring/C++/imgmanip-/lib/Makefile --print-data-base --no-builtin-variables --no-builtin-rules --question
# GNU Make 3.81
# Copyright (C) 2006  Free Software Foundation, Inc.
# This is free software; see the source for copying conditions.
# There is NO warranty; not even for MERCHANTABILITY or FITNESS FOR A
# PARTICULAR PURPOSE.

# This program built for i386-apple-darwin11.3.0

# Make data base, printed on Sat Apr  2 16:15:19 2022

# Variables

# environment
VSCODE_GIT_ASKPASS_MAIN = /Applications/Visual Studio Code.app/Contents/Resources/app/extensions/git/dist/askpass-main.js
# automatic
<D = $(patsubst %/,%,$(dir $<))
# automatic
?F = $(notdir $?)
# environment
ELECTRON_NO_ATTACH_CONSOLE = 1
# environment
HOMEBREW_NO_ANALYTICS = 1
# environment
VSCODE_LOG_NATIVE = false
# automatic
?D = $(patsubst %/,%,$(dir $?))
# automatic
@D = $(patsubst %/,%,$(dir $@))
# automatic
@F = $(notdir $@)
# makefile
CURDIR := /Users/bobby/Documents/2022_Spring/C++/imgmanip-/lib
# makefile
SHELL = /bin/sh
# environment
VSCODE_NLS_CONFIG = {"locale":"en-us","availableLanguages":{},"_languagePackSupport":true}
# environment
_ = /usr/bin/make
# makefile
MAKEFILE_LIST := 
# environment
VSCODE_VERBOSE_LOGGING = true
# environment
__CFBundleIdentifier = com.microsoft.VSCode
# environment
INFOPATH = /opt/homebrew/share/info:
# environment
P9K_SSH = 0
# environment
VSCODE_IPC_HOOK_EXTHOST = /var/folders/d4/hpfsljr966z2q2h3800v67p40000gn/T/vscode-ipc-b2d57c40-6d3a-48af-9468-28ad68eec5a3.sock
# environment
HOMEBREW_AUTO_UPDATE_SECS = 2592000
# environment
VSCODE_CWD = /Users/bobby/Documents/2022_Spring/C++/imgmanip-
# environment
PATH = /opt/homebrew/opt/curl/bin:/opt/homebrew/bin:/opt/homebrew/sbin:/usr/local/bin:/usr/bin:/bin:/usr/sbin:/sbin:/Users/bobby/.local/bin:/Library/TeX/texbin:/Applications/VMware Fusion Tech Preview.app/Contents/Public:/opt/X11/bin:/opt/homebrew/bin:/opt/homebrew/sbin:/opt/homebrew/opt/curl/bin:/Users/xh2513/opt/anaconda3/bin:/Users/xh2513/opt/anaconda3/condabin
# environment
LSCOLORS = Gxfxcxdxbxegedabagacad
# environment
LaunchInstanceID = C1F09B7E-8089-4142-AE17-8CC6EC26F2E9
# environment
VSCODE_LOG_STACK = false
# environment
ELECTRON_RUN_AS_NODE = 1
# default
.FEATURES := target-specific order-only second-expansion else-if archives jobserver check-symlink
# environment
SSH_AUTH_SOCK = /Users/bobby/.gnupg/S.gpg-agent.ssh
# automatic
%F = $(notdir $%)
# environment
DISPLAY = /private/tmp/com.apple.launchd.7jJvh6ic0y/org.xquartz:0
# environment
CONDA_EXE = /Users/xh2513/opt/anaconda3/bin/conda
# environment
VISUAL = /usr/local/bin/code
# environment
VSCODE_PIPE_LOGGING = true
# environment
PWD = /Users/bobby/Documents/2022_Spring/C++/imgmanip-/lib
# environment
HOMEBREW_CELLAR = /opt/homebrew/Cellar
# environment
ORIGINAL_XDG_CURRENT_DESKTOP = undefined
# environment
MANPATH = /opt/homebrew/share/man:/usr/share/man:/usr/local/share/man:/Library/TeX/Distributions/.DefaultTeX/Contents/Man:/opt/X11/share/man:/opt/homebrew/share/man:
# environment
VSCODE_AMD_ENTRYPOINT = vs/workbench/services/extensions/node/extensionHostProcess
# environment
HOME = /Users/bobby
# default
MAKEFILEPATH = $(shell /usr/bin/xcode-select -print-path 2>/dev/null || echo /Developer)/Makefiles
# environment
VSCODE_CLI = 1
# environment
VSCODE_CODE_CACHE_PATH = /Users/bobby/Library/Application Support/Code/CachedData/d6ee99e4c045a6716e5c653d7da8e9ae6f5a8b03
# environment
LOGNAME = bobby
# environment
APPLICATION_INSIGHTS_NO_DIAGNOSTIC_CHANNEL = true
# environment
CONDA_PROMPT_MODIFIER = (base) 
# environment
ZSH = /Users/bobby/.oh-my-zsh
# environment
VSCODE_HANDLES_UNCAUGHT_ERRORS = true
# automatic
^D = $(patsubst %/,%,$(dir $^))
# environment
MAKELEVEL := 0
# environment
CONDA_DEFAULT_ENV = base
# environment
XPC_FLAGS = 0x0
# environment
COLORTERM = truecolor
# default
MAKE = $(MAKE_COMMAND)
# default
MAKECMDGOALS := all
# environment
SHLVL = 5
# default
MAKE_VERSION := 3.81
# environment
USER = bobby
# makefile
.DEFAULT_GOAL := 
# environment
TERM_SESSION_ID = B9E5824B-4DBF-438D-865C-BB115F145473
# environment
LESS = -F -g -i -M -R -S -w -X -z-4
# automatic
%D = $(patsubst %/,%,$(dir $%))
# environment
CONDA_SHLVL = 1
# environment
HOMEBREW_NO_ENV_HINTS = 1
# default
MAKE_COMMAND := /Library/Developer/CommandLineTools/usr/bin/make
# environment
TMPPREFIX = /var/folders/d4/hpfsljr966z2q2h3800v67p40000gn/T/zsh
# environment
VSCODE_GIT_ASKPASS_EXTRA_ARGS = --ms-enable-electron-run-as-node
# environment
TERM_PROGRAM = vscode
# default
.VARIABLES := 
# environment
TMPDIR = /var/folders/d4/hpfsljr966z2q2h3800v67p40000gn/T/
# automatic
*F = $(notdir $*)
# environment
VSCODE_IPC_HOOK = /Users/bobby/Library/Application Support/Code/1.64.1-main.sock
# environment
VSCODE_GIT_ASKPASS_NODE = /Applications/Visual Studio Code.app/Contents/MacOS/Electron
# makefile
MAKEFLAGS = Rrp
# environment
MFLAGS = -Rrp
# automatic
*D = $(patsubst %/,%,$(dir $*))
# environment
TERM_PROGRAM_VERSION = 1.64.1
# environment
XPC_SERVICE_NAME = application.com.microsoft.VSCode.10692899.10692905.E7DD9D99-40DE-42F4-B126-0E7610296E9F
# environment
HOMEBREW_PREFIX = /opt/homebrew
# automatic
+D = $(patsubst %/,%,$(dir $+))
# automatic
+F = $(notdir $+)
# environment
HOMEBREW_REPOSITORY = /opt/homebrew
# environment
__CF_USER_TEXT_ENCODING = 0x1F5:0x0:0x0
# environment
COMMAND_MODE = unix2003
# environment
GIT_ASKPASS = /Applications/Visual Studio Code.app/Contents/Resources/app/extensions/git/dist/askpass.sh
# default
MAKEFILES := 
# automatic
<F = $(notdir $<)
# environment
EDITOR = /usr/local/bin/code
# environment
PAGER = less
# environment
LC_ALL = C
# environment
CONDA_PYTHON_EXE = /Users/xh2513/opt/anaconda3/bin/python
# environment
SECURITYSESSIONID = 186a4
# environment
P9K_TTY = old
# automatic
^F = $(notdir $^)
# default
SUFFIXES := 
# environment
_CE_M = 
# default
.INCLUDE_DIRS = /usr/local/include
# environment
VSCODE_GIT_IPC_HANDLE = /var/folders/d4/hpfsljr966z2q2h3800v67p40000gn/T/vscode-git-9166d25db7.sock
# environment
GPG_TTY = /dev/ttys001
# environment
CONDA_PREFIX = /Users/xh2513/opt/anaconda3
# environment
TERM = xterm-256color
# environment
_P9K_TTY = /dev/ttys001
# environment
VSCODE_PID = 526
# environment
_CE_CONDA = 
# environment
LANG = C
# variable set hash-table stats:
# Load=104/1024=10%, Rehash=0, Collisions=5/123=4%

# Pattern-specific Variable Values

# No pattern-specific variable values.

# Directories


# No files, no impossibilities in 0 directories.

# Implicit Rules

# No implicit rules.

# Files

# Not a target:
all:
#  Command-line target.
#  Implicit rule search has not been done.
#  Modification time never checked.
#  File has not been updated.

# Not a target:
.SUFFIXES:
#  Implicit rule search has not been done.
#  Modification time never checked.
#  File has not been updated.

# Not a target:
.DEFAULT:
#  Implicit rule search has not been done.
#  Modification time never checked.
#  File has not been updated.

# Not a target:
/Users/bobby/Documents/2022_Spring/C++/imgmanip-/lib/Makefile:
#  Implicit rule search has been done.
#  File does not exist.
#  File has not been updated.
# variable set hash-table stats:
# Load=0/32=0%, Rehash=0, Collisions=0/0=0%

# files hash-table stats:
# Load=4/1024=0%, Rehash=0, Collisions=0/16=0%
# VPATH Search Paths

# No `vpath' search paths.

# No general (`VPATH' variable) search path.

# # of strings in strcache: 1
# # of strcache buffers: 1
# strcache size: total = 4096 / max = 4096 / min = 4096 / avg = 4096
# strcache free: total = 4034 / max = 4034 / min = 4034 / avg = 4034
 
make: /Users/bobby/Documents/2022_Spring/C++/imgmanip-/lib/Makefile: No such file or directory
make: *** No rule to make target `/Users/bobby/Documents/2022_Spring/C++/imgmanip-/lib/Makefile'.  Stop.


# Finished Make data base on Sat Apr  2 16:15:19 2022

 
